Using pre-set license
Built from '2021.3/staging' branch; Version is '2021.3.9f1 (ad3870b89536) revision 11352176'; Using compiler version '192829333'; Build Type 'Release'
OS: 'Windows 11  (10.0.22000) 64bit Professional' Language: 'es' Physical Memory: 16134 MB
BatchMode: 1, IsHumanControllingUs: 0, StartBugReporterOnCrash: 0, Is64bit: 1, IsPro: 1

COMMAND LINE ARGUMENTS:
C:\Program Files\Unity\Hub\Editor\2021.3.9f1\Editor\Unity.exe
-adb2
-batchMode
-noUpm
-name
AssetImportWorker0
-projectPath
C:/Users/Lenovo/Desktop/Creacion de Videojuegos/Unity Benjamin GDGS2101/Lab 2 - Nuevo Proyecto con Primitivas
-logFile
Logs/AssetImportWorker0.log
-srvPort
52660
Successfully changed project path to: C:/Users/Lenovo/Desktop/Creacion de Videojuegos/Unity Benjamin GDGS2101/Lab 2 - Nuevo Proyecto con Primitivas
C:/Users/Lenovo/Desktop/Creacion de Videojuegos/Unity Benjamin GDGS2101/Lab 2 - Nuevo Proyecto con Primitivas
[UnityMemory] Configuration Parameters - Can be set up in boot.config
    "memorysetup-bucket-allocator-granularity=16"
    "memorysetup-bucket-allocator-bucket-count=8"
    "memorysetup-bucket-allocator-block-size=33554432"
    "memorysetup-bucket-allocator-block-count=8"
    "memorysetup-main-allocator-block-size=16777216"
    "memorysetup-thread-allocator-block-size=16777216"
    "memorysetup-gfx-main-allocator-block-size=16777216"
    "memorysetup-gfx-thread-allocator-block-size=16777216"
    "memorysetup-cache-allocator-block-size=4194304"
    "memorysetup-typetree-allocator-block-size=2097152"
    "memorysetup-profiler-bucket-allocator-granularity=16"
    "memorysetup-profiler-bucket-allocator-bucket-count=8"
    "memorysetup-profiler-bucket-allocator-block-size=33554432"
    "memorysetup-profiler-bucket-allocator-block-count=8"
    "memorysetup-profiler-allocator-block-size=16777216"
    "memorysetup-profiler-editor-allocator-block-size=1048576"
    "memorysetup-temp-allocator-size-main=16777216"
    "memorysetup-job-temp-allocator-block-size=2097152"
    "memorysetup-job-temp-allocator-block-size-background=1048576"
    "memorysetup-job-temp-allocator-reduction-small-platforms=262144"
    "memorysetup-temp-allocator-size-background-worker=32768"
    "memorysetup-temp-allocator-size-job-worker=262144"
    "memorysetup-temp-allocator-size-preload-manager=33554432"
    "memorysetup-temp-allocator-size-nav-mesh-worker=65536"
    "memorysetup-temp-allocator-size-audio-worker=65536"
    "memorysetup-temp-allocator-size-cloud-worker=32768"
    "memorysetup-temp-allocator-size-gi-baking-worker=262144"
    "memorysetup-temp-allocator-size-gfx=262144"
Refreshing native plugins compatible for Editor in 78.69 ms, found 3 plugins.
Preloading 0 native plugins for Editor in 0.00 ms.
Initialize engine version: 2021.3.9f1 (ad3870b89536)
[Subsystems] Discovering subsystems at path C:/Program Files/Unity/Hub/Editor/2021.3.9f1/Editor/Data/Resources/UnitySubsystems
[Subsystems] Discovering subsystems at path C:/Users/Lenovo/Desktop/Creacion de Videojuegos/Unity Benjamin GDGS2101/Lab 2 - Nuevo Proyecto con Primitivas/Assets
GfxDevice: creating device client; threaded=0; jobified=0
Direct3D:
    Version:  Direct3D 11.0 [level 11.1]
    Renderer: Intel(R) UHD Graphics (ID=0x9b41)
    Vendor:   Intel
    VRAM:     8067 MB
    Driver:   30.0.101.1692
Initialize mono
Mono path[0] = 'C:/Program Files/Unity/Hub/Editor/2021.3.9f1/Editor/Data/Managed'
Mono path[1] = 'C:/Program Files/Unity/Hub/Editor/2021.3.9f1/Editor/Data/MonoBleedingEdge/lib/mono/unityjit-win32'
Mono config path = 'C:/Program Files/Unity/Hub/Editor/2021.3.9f1/Editor/Data/MonoBleedingEdge/etc'
Using monoOptions --debugger-agent=transport=dt_socket,embedding=1,server=y,suspend=n,address=127.0.0.1:56788
Begin MonoManager ReloadAssembly
Registering precompiled unity dll's ...
Register platform support module: C:/Program Files/Unity/Hub/Editor/2021.3.9f1/Editor/Data/PlaybackEngines/WebGLSupport/UnityEditor.WebGL.Extensions.dll
Register platform support module: C:/Program Files/Unity/Hub/Editor/2021.3.9f1/Editor/Data/PlaybackEngines/AndroidPlayer/UnityEditor.Android.Extensions.dll
Register platform support module: C:/Program Files/Unity/Hub/Editor/2021.3.9f1/Editor/Data/PlaybackEngines/WindowsStandaloneSupport/UnityEditor.WindowsStandalone.Extensions.dll
Register platform support module: C:/Program Files/Unity/Hub/Editor/2021.3.9f1/Editor/Data/PlaybackEngines/MetroSupport/UnityEditor.UWP.Extensions.dll
Registered in 0.006639 seconds.
Native extension for UWP target not found
Native extension for WindowsStandalone target not found
Native extension for Android target not found
Native extension for WebGL target not found
Refreshing native plugins compatible for Editor in 76.54 ms, found 3 plugins.
Preloading 0 native plugins for Editor in 0.00 ms.
Mono: successfully reloaded assembly
- Completed reload, in  0.692 seconds
Domain Reload Profiling:
	ReloadAssembly (693ms)
		BeginReloadAssembly (74ms)
			ExecutionOrderSort (0ms)
			DisableScriptedObjects (0ms)
			BackupInstance (0ms)
			ReleaseScriptingObjects (0ms)
			CreateAndSetChildDomain (1ms)
		EndReloadAssembly (510ms)
			LoadAssemblies (73ms)
			RebuildTransferFunctionScriptingTraits (0ms)
			SetupTypeCache (115ms)
			ReleaseScriptCaches (0ms)
			RebuildScriptCaches (31ms)
			SetupLoadedEditorAssemblies (311ms)
				LogAssemblyErrors (0ms)
				InitializePlatformSupportModulesInManaged (61ms)
				SetLoadedEditorAssemblies (2ms)
				RefreshPlugins (77ms)
				BeforeProcessingInitializeOnLoad (1ms)
				ProcessInitializeOnLoadAttributes (106ms)
				ProcessInitializeOnLoadMethodAttributes (64ms)
				AfterProcessingInitializeOnLoad (0ms)
				EditorAssembliesLoaded (0ms)
			ExecutionOrderSort2 (0ms)
			AwakeInstancesAfterBackupRestoration (0ms)
Platform modules already initialized, skipping
Registering precompiled user dll's ...
Registered in 0.007236 seconds.
Begin MonoManager ReloadAssembly
Symbol file LoadedFromMemory doesn't match image C:\Users\Lenovo\Desktop\Creacion de Videojuegos\Unity Benjamin GDGS2101\Lab 2 - Nuevo Proyecto con Primitivas\Library\PackageCache\com.unity.visualscripting@1.7.8\Editor\VisualScripting.Core\Dependencies\YamlDotNet\Unity.VisualScripting.YamlDotNet.dll
Symbol file LoadedFromMemory doesn't match image C:\Users\Lenovo\Desktop\Creacion de Videojuegos\Unity Benjamin GDGS2101\Lab 2 - Nuevo Proyecto con Primitivas\Library\PackageCache\com.unity.visualscripting@1.7.8\Editor\VisualScripting.Core\Dependencies\DotNetZip\Unity.VisualScripting.IonicZip.dll
Native extension for UWP target not found
Native extension for WindowsStandalone target not found
Native extension for Android target not found
Native extension for WebGL target not found
Refreshing native plugins compatible for Editor in 0.60 ms, found 3 plugins.
Preloading 0 native plugins for Editor in 0.00 ms.
Mono: successfully reloaded assembly
- Completed reload, in  1.282 seconds
Domain Reload Profiling:
	ReloadAssembly (1283ms)
		BeginReloadAssembly (256ms)
			ExecutionOrderSort (0ms)
			DisableScriptedObjects (8ms)
			BackupInstance (0ms)
			ReleaseScriptingObjects (0ms)
			CreateAndSetChildDomain (134ms)
		EndReloadAssembly (904ms)
			LoadAssemblies (100ms)
			RebuildTransferFunctionScriptingTraits (0ms)
			SetupTypeCache (307ms)
			ReleaseScriptCaches (1ms)
			RebuildScriptCaches (67ms)
			SetupLoadedEditorAssemblies (393ms)
				LogAssemblyErrors (0ms)
				InitializePlatformSupportModulesInManaged (18ms)
				SetLoadedEditorAssemblies (1ms)
				RefreshPlugins (1ms)
				BeforeProcessingInitializeOnLoad (102ms)
				ProcessInitializeOnLoadAttributes (240ms)
				ProcessInitializeOnLoadMethodAttributes (26ms)
				AfterProcessingInitializeOnLoad (6ms)
				EditorAssembliesLoaded (0ms)
			ExecutionOrderSort2 (0ms)
			AwakeInstancesAfterBackupRestoration (5ms)
Platform modules already initialized, skipping
========================================================================
Worker process is ready to serve import requests
Launched and connected shader compiler UnityShaderCompiler.exe after 0.04 seconds
Refreshing native plugins compatible for Editor in 0.60 ms, found 3 plugins.
Preloading 0 native plugins for Editor in 0.00 ms.
Unloading 3380 Unused Serialized files (Serialized files now loaded: 0)
Unloading 27 unused Assets / (111.4 KB). Loaded Objects now: 3839.
Memory consumption went from 117.4 MB to 117.3 MB.
Total: 4.588000 ms (FindLiveObjects: 0.325100 ms CreateObjectMapping: 0.230100 ms MarkObjects: 3.882000 ms  DeleteObjects: 0.149400 ms)

AssetImportParameters requested are different than current active one (requested -> active):
  custom:video-decoder-ogg-theora: a1e56fd34408186e4bbccfd4996cb3dc -> 
  custom:container-muxer-webm: aa71ff27fc2769a1b78a27578f13a17b -> 
  custom:container-demuxer-webm: 4f35f7cbe854078d1ac9338744f61a02 -> 
  custom:video-encoder-webm-vp8: eb34c28f22e8b96e1ab97ce403110664 -> 
  custom:audio-encoder-webm-vorbis: bf7c407c2cedff20999df2af8eb42d56 -> 
  custom:framework-win-MediaFoundation: 216162199b28c13a410421893ffa2e32 -> 
  custom:container-demuxer-ogg: 62fdf1f143b41e24485cea50d1cbac27 -> 
  custom:video-decoder-webm-vp8: 9c59270c3fd7afecdb556c50c9e8de78 -> 
  custom:audio-decoder-ogg-vorbis: bf7c407c2cedff20999df2af8eb42d56 -> 
========================================================================
Received Import Request.
  Time since last request: 142163.846251 seconds.
  path: Assets/Scenes
  artifactKey: Guid(6ea315d0fd7389c41b19996891e99ae3) Importer(815301076,1909f56bfc062723c751e8b465ee728b)
Start importing Assets/Scenes using Guid(6ea315d0fd7389c41b19996891e99ae3) Importer(815301076,1909f56bfc062723c751e8b465ee728b)  -> (artifact id: 'b8193726cff86800c54781cdc6d54904') in 0.012417 seconds 
========================================================================
Received Import Request.
  Time since last request: 12.507314 seconds.
  path: Assets/Scenes/MiJuego.unity
  artifactKey: Guid(9fc0d4010bbf28b4594072e72b8655ab) Importer(815301076,1909f56bfc062723c751e8b465ee728b)
Start importing Assets/Scenes/MiJuego.unity using Guid(9fc0d4010bbf28b4594072e72b8655ab) Importer(815301076,1909f56bfc062723c751e8b465ee728b)  -> (artifact id: '16124dad19212c83ac54ac6c618720c2') in 0.008259 seconds 
========================================================================
Received Import Request.
  Time since last request: 412.463551 seconds.
  path: Assets/Materials
  artifactKey: Guid(862961ab849e0fd40b1b828eaa2b976f) Importer(815301076,1909f56bfc062723c751e8b465ee728b)
Start importing Assets/Materials using Guid(862961ab849e0fd40b1b828eaa2b976f) Importer(815301076,1909f56bfc062723c751e8b465ee728b)  -> (artifact id: '778a6a07e3b268026edc7beccc9bca24') in 0.010363 seconds 
========================================================================
Received Import Request.
  Time since last request: 28.907102 seconds.
  path: Assets/Materials/New Scene.unity
  artifactKey: Guid(d9f78a084105886408cc96e915e3f967) Importer(815301076,1909f56bfc062723c751e8b465ee728b)
Start importing Assets/Materials/New Scene.unity using Guid(d9f78a084105886408cc96e915e3f967) Importer(815301076,1909f56bfc062723c751e8b465ee728b)  -> (artifact id: 'ea6002572c197830dbc30c48b693ff58') in 0.008937 seconds 
========================================================================
Received Import Request.
  Time since last request: 33.462390 seconds.
  path: Assets/Materials/Blue.mat
  artifactKey: Guid(4b702e492d9eed84f9bf0517b42567c1) Importer(815301076,1909f56bfc062723c751e8b465ee728b)
Start importing Assets/Materials/Blue.mat using Guid(4b702e492d9eed84f9bf0517b42567c1) Importer(815301076,1909f56bfc062723c751e8b465ee728b)  -> (artifact id: '03ef87fdfcba075be7112982d2812b65') in 0.289472 seconds 
========================================================================
Received Import Request.
  Time since last request: 1245.411861 seconds.
  path: Assets/Materials/Red.mat
  artifactKey: Guid(7087dee49b9833a4db51848132c43f43) Importer(815301076,1909f56bfc062723c751e8b465ee728b)
Start importing Assets/Materials/Red.mat using Guid(7087dee49b9833a4db51848132c43f43) Importer(815301076,1909f56bfc062723c751e8b465ee728b)  -> (artifact id: '99bf1227bf39baeef1606456a8e1b1d8') in 0.027515 seconds 
========================================================================
Received Import Request.
  Time since last request: 58.093340 seconds.
  path: Assets/Materials/Red_Light.mat
  artifactKey: Guid(427f7817629456b4a954938ede88bcf4) Importer(815301076,1909f56bfc062723c751e8b465ee728b)
Start importing Assets/Materials/Red_Light.mat using Guid(427f7817629456b4a954938ede88bcf4) Importer(815301076,1909f56bfc062723c751e8b465ee728b)  -> (artifact id: '1ba8097c430a63debeb4c8fc7730ca27') in 0.016750 seconds 
========================================================================
Received Import Request.
  Time since last request: 75.619738 seconds.
  path: Assets/Materials/Red_Dark.mat
  artifactKey: Guid(03fc5cd827d5d0e478e4247180d7d508) Importer(815301076,1909f56bfc062723c751e8b465ee728b)
Start importing Assets/Materials/Red_Dark.mat using Guid(03fc5cd827d5d0e478e4247180d7d508) Importer(815301076,1909f56bfc062723c751e8b465ee728b)  -> (artifact id: 'f1269e68d6356b5e2494456b8bd3b770') in 0.021113 seconds 
========================================================================
Received Import Request.
  Time since last request: 2729.230009 seconds.
  path: Assets/Materials/Red_Medium.mat
  artifactKey: Guid(9d619de37a376e84ca9b7cbb723a0ba5) Importer(815301076,1909f56bfc062723c751e8b465ee728b)
Start importing Assets/Materials/Red_Medium.mat using Guid(9d619de37a376e84ca9b7cbb723a0ba5) Importer(815301076,1909f56bfc062723c751e8b465ee728b)  -> (artifact id: 'e3cbe309fe1a9b10298debd992343b48') in 0.029112 seconds 
========================================================================
Received Import Request.
  Time since last request: 180.468426 seconds.
  path: Assets/Materials/Green.mat
  artifactKey: Guid(31031a6383770fe438f89b9bf9311761) Importer(815301076,1909f56bfc062723c751e8b465ee728b)
Start importing Assets/Materials/Green.mat using Guid(31031a6383770fe438f89b9bf9311761) Importer(815301076,1909f56bfc062723c751e8b465ee728b)  -> (artifact id: '0763f6e855843dc142d1dc87f17ba313') in 0.022544 seconds 
========================================================================
Received Import Request.
  Time since last request: 282.892501 seconds.
  path: Assets/Materials/Blue.mat
  artifactKey: Guid(4b702e492d9eed84f9bf0517b42567c1) Importer(815301076,1909f56bfc062723c751e8b465ee728b)
Start importing Assets/Materials/Blue.mat using Guid(4b702e492d9eed84f9bf0517b42567c1) Importer(815301076,1909f56bfc062723c751e8b465ee728b)  -> (artifact id: 'b9aa3d0f9ab7c77f5b9921d8cdfc9a61') in 0.021933 seconds 
========================================================================
Received Import Request.
  Time since last request: 0.009399 seconds.
  path: Assets/Materials/Red_Light.mat
  artifactKey: Guid(427f7817629456b4a954938ede88bcf4) Importer(815301076,1909f56bfc062723c751e8b465ee728b)
Start importing Assets/Materials/Red_Light.mat using Guid(427f7817629456b4a954938ede88bcf4) Importer(815301076,1909f56bfc062723c751e8b465ee728b)  -> (artifact id: 'c58a4d71f07af42b2405fb22b867c359') in 0.015019 seconds 
========================================================================
Received Import Request.
  Time since last request: 0.003667 seconds.
  path: Assets/Materials/Red.mat
  artifactKey: Guid(7087dee49b9833a4db51848132c43f43) Importer(815301076,1909f56bfc062723c751e8b465ee728b)
Start importing Assets/Materials/Red.mat using Guid(7087dee49b9833a4db51848132c43f43) Importer(815301076,1909f56bfc062723c751e8b465ee728b)  -> (artifact id: 'bd23d39266e20066a3716cbe5edae7af') in 0.013683 seconds 
========================================================================
Received Import Request.
  Time since last request: 0.003783 seconds.
  path: Assets/Materials/Green.mat
  artifactKey: Guid(31031a6383770fe438f89b9bf9311761) Importer(815301076,1909f56bfc062723c751e8b465ee728b)
Start importing Assets/Materials/Green.mat using Guid(31031a6383770fe438f89b9bf9311761) Importer(815301076,1909f56bfc062723c751e8b465ee728b)  -> (artifact id: '8b64ace1a5613021f12087a04bf586c4') in 0.033624 seconds 
========================================================================
Received Import Request.
  Time since last request: 0.000035 seconds.
  path: Assets/Materials/Red_Medium.mat
  artifactKey: Guid(9d619de37a376e84ca9b7cbb723a0ba5) Importer(815301076,1909f56bfc062723c751e8b465ee728b)
Start importing Assets/Materials/Red_Medium.mat using Guid(9d619de37a376e84ca9b7cbb723a0ba5) Importer(815301076,1909f56bfc062723c751e8b465ee728b)  -> (artifact id: '412f2916a978eb8cf4975b515f9cad26') in 0.017716 seconds 
========================================================================
Received Import Request.
  Time since last request: 0.010464 seconds.
  path: Assets/Materials/Red_Dark.mat
  artifactKey: Guid(03fc5cd827d5d0e478e4247180d7d508) Importer(815301076,1909f56bfc062723c751e8b465ee728b)
Start importing Assets/Materials/Red_Dark.mat using Guid(03fc5cd827d5d0e478e4247180d7d508) Importer(815301076,1909f56bfc062723c751e8b465ee728b)  -> (artifact id: 'd342d8bf120f53ee86c0f4d8d666446c') in 0.011158 seconds 
